2022/12/02 15:21:15 [notice] 1#1: using the "epoll" event method
2022/12/02 15:21:15 [notice] 1#1: nginx/1.21.6
2022/12/02 15:21:15 [notice] 1#1: built by gcc 10.2.1 20210110 (Debian 10.2.1-6) 
2022/12/02 15:21:15 [notice] 1#1: OS: Linux 5.10.104-linuxkit
2022/12/02 15:21:15 [notice] 1#1: getrlimit(RLIMIT_NOFILE): 1048576:1048576
2022/12/02 15:21:15 [notice] 1#1: start worker processes
2022/12/02 15:21:15 [notice] 1#1: start worker process 31
2022/12/02 15:21:15 [notice] 1#1: start worker process 32
2022/12/02 15:21:15 [notice] 1#1: start worker process 33
2022/12/02 15:21:15 [notice] 1#1: start worker process 34
2022/12/02 15:22:45 [notice] 1#1: signal 3 (SIGQUIT) received, shutting down
2022/12/02 15:22:45 [notice] 34#34: gracefully shutting down
2022/12/02 15:22:45 [notice] 31#31: gracefully shutting down
2022/12/02 15:22:45 [notice] 34#34: exiting
2022/12/02 15:22:45 [notice] 34#34: exit
2022/12/02 15:22:45 [notice] 31#31: exiting
2022/12/02 15:22:45 [notice] 31#31: exit
2022/12/02 15:22:45 [notice] 1#1: signal 17 (SIGCHLD) received from 34
2022/12/02 15:22:45 [notice] 1#1: worker process 31 exited with code 0
2022/12/02 15:22:45 [notice] 1#1: worker process 34 exited with code 0
2022/12/02 15:22:45 [notice] 1#1: signal 29 (SIGIO) received
2022/12/02 15:34:55 [notice] 1#1: using the "epoll" event method
2022/12/02 15:34:55 [notice] 1#1: nginx/1.21.6
2022/12/02 15:34:55 [notice] 1#1: built by gcc 10.2.1 20210110 (Debian 10.2.1-6) 
2022/12/02 15:34:55 [notice] 1#1: OS: Linux 5.10.104-linuxkit
2022/12/02 15:34:55 [notice] 1#1: getrlimit(RLIMIT_NOFILE): 1048576:1048576
2022/12/02 15:34:55 [notice] 1#1: start worker processes
2022/12/02 15:34:55 [notice] 1#1: start worker process 31
2022/12/02 15:34:55 [notice] 1#1: start worker process 32
2022/12/02 15:34:55 [notice] 1#1: start worker process 33
2022/12/02 15:34:55 [notice] 1#1: start worker process 34
2022/12/02 15:36:42 [crit] 32#32: *3 connect() to unix:///backend/tmp/sockets/puma.sock failed (2: No such file or directory) while connecting to upstream, client: 172.19.0.1, server: localhost, request: "GET /manage/ HTTP/1.1", upstream: "http://unix:///backend/tmp/sockets/puma.sock:/manage/", host: "localhost"
2022/12/02 15:36:44 [crit] 32#32: *3 connect() to unix:///backend/tmp/sockets/puma.sock failed (2: No such file or directory) while connecting to upstream, client: 172.19.0.1, server: localhost, request: "GET /manage/ HTTP/1.1", upstream: "http://unix:///backend/tmp/sockets/puma.sock:/manage/", host: "localhost"
2022/12/02 15:36:50 [crit] 32#32: *3 connect() to unix:///backend/tmp/sockets/puma.sock failed (2: No such file or directory) while connecting to upstream, client: 172.19.0.1, server: localhost, request: "GET /manage/ HTTP/1.1", upstream: "http://unix:///backend/tmp/sockets/puma.sock:/manage/", host: "localhost"
2022/12/02 15:38:05 [crit] 33#33: *7 connect() to unix:///backend/tmp/sockets/puma.sock failed (2: No such file or directory) while connecting to upstream, client: 172.19.0.1, server: localhost, request: "GET /manage/ HTTP/1.1", upstream: "http://unix:///backend/tmp/sockets/puma.sock:/manage/", host: "localhost"
2022/12/02 15:38:05 [crit] 33#33: *7 connect() to unix:///backend/tmp/sockets/puma.sock failed (2: No such file or directory) while connecting to upstream, client: 172.19.0.1, server: localhost, request: "GET /manage/ HTTP/1.1", upstream: "http://unix:///backend/tmp/sockets/puma.sock:/manage/", host: "localhost"
2022/12/02 15:38:32 [notice] 1#1: signal 3 (SIGQUIT) received, shutting down
2022/12/02 15:38:32 [notice] 32#32: gracefully shutting down
2022/12/02 15:38:32 [notice] 32#32: exiting
2022/12/02 15:38:32 [notice] 31#31: gracefully shutting down
2022/12/02 15:38:32 [notice] 33#33: gracefully shutting down
2022/12/02 15:38:32 [notice] 33#33: exiting
2022/12/02 15:38:32 [notice] 34#34: gracefully shutting down
2022/12/02 15:38:32 [notice] 32#32: exit
2022/12/02 15:38:32 [notice] 31#31: exiting
2022/12/02 15:38:32 [notice] 33#33: exit
2022/12/02 15:38:32 [notice] 34#34: exiting
2022/12/02 15:38:32 [notice] 31#31: exit
2022/12/02 15:38:32 [notice] 34#34: exit
2022/12/02 15:38:32 [notice] 1#1: signal 17 (SIGCHLD) received from 33
2022/12/02 15:38:32 [notice] 1#1: worker process 32 exited with code 0
2022/12/02 15:38:32 [notice] 1#1: worker process 33 exited with code 0
2022/12/02 15:38:32 [notice] 1#1: worker process 34 exited with code 0
2022/12/02 15:38:32 [notice] 1#1: signal 29 (SIGIO) received
2022/12/02 15:38:32 [notice] 1#1: signal 17 (SIGCHLD) received from 32
2022/12/02 15:38:32 [notice] 1#1: signal 17 (SIGCHLD) received from 31
2022/12/02 15:38:32 [notice] 1#1: worker process 31 exited with code 0
2022/12/02 15:38:32 [notice] 1#1: exit
2022/12/02 15:38:41 [notice] 1#1: using the "epoll" event method
2022/12/02 15:38:41 [notice] 1#1: nginx/1.21.6
2022/12/02 15:38:41 [notice] 1#1: built by gcc 10.2.1 20210110 (Debian 10.2.1-6) 
2022/12/02 15:38:41 [notice] 1#1: OS: Linux 5.10.104-linuxkit
2022/12/02 15:38:41 [notice] 1#1: getrlimit(RLIMIT_NOFILE): 1048576:1048576
2022/12/02 15:38:41 [notice] 1#1: start worker processes
2022/12/02 15:38:41 [notice] 1#1: start worker process 31
2022/12/02 15:38:41 [notice] 1#1: start worker process 32
2022/12/02 15:38:41 [notice] 1#1: start worker process 33
2022/12/02 15:38:41 [notice] 1#1: start worker process 34
2022/12/02 15:48:17 [notice] 1#1: signal 3 (SIGQUIT) received, shutting down
2022/12/02 15:48:17 [notice] 34#34: gracefully shutting down
2022/12/02 15:48:17 [notice] 34#34: exiting
2022/12/02 15:48:17 [notice] 32#32: gracefully shutting down
2022/12/02 15:48:17 [notice] 33#33: gracefully shutting down
2022/12/02 15:48:17 [notice] 31#31: gracefully shutting down
2022/12/02 15:48:17 [notice] 34#34: exit
2022/12/02 15:48:17 [notice] 32#32: exiting
2022/12/02 15:48:17 [notice] 32#32: exit
2022/12/02 15:48:17 [notice] 33#33: exiting
2022/12/02 15:48:17 [notice] 31#31: exiting
2022/12/02 15:48:17 [notice] 33#33: exit
2022/12/02 15:48:17 [notice] 31#31: exit
2022/12/02 15:48:17 [notice] 1#1: signal 17 (SIGCHLD) received from 32
2022/12/02 15:48:17 [notice] 1#1: worker process 32 exited with code 0
2022/12/02 15:48:17 [notice] 1#1: signal 29 (SIGIO) received
2022/12/02 15:48:17 [notice] 1#1: signal 17 (SIGCHLD) received from 34
2022/12/02 15:48:17 [notice] 1#1: worker process 34 exited with code 0
2022/12/02 15:48:17 [notice] 1#1: signal 29 (SIGIO) received
2022/12/02 15:48:17 [notice] 1#1: signal 17 (SIGCHLD) received from 33
2022/12/02 15:48:17 [notice] 1#1: worker process 33 exited with code 0
2022/12/02 15:48:17 [notice] 1#1: signal 29 (SIGIO) received
2022/12/02 15:48:17 [notice] 1#1: signal 17 (SIGCHLD) received from 31
2022/12/02 15:48:17 [notice] 1#1: worker process 31 exited with code 0
2022/12/02 15:48:17 [notice] 1#1: exit
2022/12/02 15:48:30 [notice] 1#1: using the "epoll" event method
2022/12/02 15:48:30 [notice] 1#1: nginx/1.21.6
2022/12/02 15:48:30 [notice] 1#1: built by gcc 10.2.1 20210110 (Debian 10.2.1-6) 
2022/12/02 15:48:30 [notice] 1#1: OS: Linux 5.10.104-linuxkit
2022/12/02 15:48:30 [notice] 1#1: getrlimit(RLIMIT_NOFILE): 1048576:1048576
2022/12/02 15:48:30 [notice] 1#1: start worker processes
2022/12/02 15:48:30 [notice] 1#1: start worker process 30
2022/12/02 15:48:30 [notice] 1#1: start worker process 31
2022/12/02 15:48:30 [notice] 1#1: start worker process 32
2022/12/02 15:48:30 [notice] 1#1: start worker process 33
2022/12/02 15:50:24 [notice] 1#1: signal 3 (SIGQUIT) received, shutting down
2022/12/02 15:50:24 [notice] 33#33: gracefully shutting down
2022/12/02 15:50:24 [notice] 32#32: gracefully shutting down
2022/12/02 15:50:24 [notice] 32#32: exiting
2022/12/02 15:50:24 [notice] 30#30: gracefully shutting down
2022/12/02 15:50:24 [notice] 30#30: exiting
2022/12/02 15:50:24 [notice] 31#31: gracefully shutting down
2022/12/02 15:50:24 [notice] 33#33: exiting
2022/12/02 15:50:24 [notice] 32#32: exit
2022/12/02 15:50:24 [notice] 30#30: exit
2022/12/02 15:50:24 [notice] 31#31: exiting
2022/12/02 15:50:24 [notice] 33#33: exit
2022/12/02 15:50:24 [notice] 31#31: exit
2022/12/02 15:50:24 [notice] 1#1: signal 17 (SIGCHLD) received from 30
2022/12/02 15:50:24 [notice] 1#1: worker process 30 exited with code 0
2022/12/02 15:50:24 [notice] 1#1: signal 29 (SIGIO) received
2022/12/02 15:50:24 [notice] 1#1: signal 17 (SIGCHLD) received from 33
2022/12/02 15:50:24 [notice] 1#1: worker process 31 exited with code 0
2022/12/02 15:50:24 [notice] 1#1: worker process 33 exited with code 0
2022/12/02 15:50:24 [notice] 1#1: worker process 32 exited with code 0
2022/12/02 15:50:24 [notice] 1#1: exit
2022/12/02 15:50:30 [notice] 1#1: using the "epoll" event method
2022/12/02 15:50:30 [notice] 1#1: nginx/1.21.6
2022/12/02 15:50:30 [notice] 1#1: built by gcc 10.2.1 20210110 (Debian 10.2.1-6) 
2022/12/02 15:50:30 [notice] 1#1: OS: Linux 5.10.104-linuxkit
2022/12/02 15:50:30 [notice] 1#1: getrlimit(RLIMIT_NOFILE): 1048576:1048576
2022/12/02 15:50:30 [notice] 1#1: start worker processes
2022/12/02 15:50:30 [notice] 1#1: start worker process 31
2022/12/02 15:50:30 [notice] 1#1: start worker process 32
2022/12/02 15:50:30 [notice] 1#1: start worker process 33
2022/12/02 15:50:30 [notice] 1#1: start worker process 34
2022/12/02 15:56:41 [notice] 1#1: signal 3 (SIGQUIT) received, shutting down
2022/12/02 15:56:41 [notice] 32#32: gracefully shutting down
2022/12/02 15:56:41 [notice] 33#33: gracefully shutting down
2022/12/02 15:56:41 [notice] 31#31: gracefully shutting down
2022/12/02 15:56:41 [notice] 34#34: gracefully shutting down
2022/12/02 15:56:41 [notice] 32#32: exiting
2022/12/02 15:56:41 [notice] 33#33: exiting
2022/12/02 15:56:41 [notice] 31#31: exiting
2022/12/02 15:56:41 [notice] 34#34: exiting
2022/12/02 15:56:41 [notice] 32#32: exit
2022/12/02 15:56:41 [notice] 33#33: exit
2022/12/02 15:56:41 [notice] 31#31: exit
2022/12/02 15:56:41 [notice] 34#34: exit
2022/12/02 15:56:41 [notice] 1#1: signal 17 (SIGCHLD) received from 34
2022/12/02 15:56:41 [notice] 1#1: worker process 34 exited with code 0
2022/12/02 15:56:41 [notice] 1#1: worker process 31 exited with code 0
2022/12/02 15:56:41 [notice] 1#1: worker process 32 exited with code 0
2022/12/02 15:56:41 [notice] 1#1: worker process 33 exited with code 0
2022/12/02 15:56:41 [notice] 1#1: exit
2022/12/02 15:56:48 [emerg] 1#1: "proxy_pass" directive is duplicate in /etc/nginx/conf.d/default.conf:25
2022/12/02 16:18:10 [notice] 1#1: using the "epoll" event method
2022/12/02 16:18:10 [notice] 1#1: nginx/1.21.6
2022/12/02 16:18:10 [notice] 1#1: built by gcc 10.2.1 20210110 (Debian 10.2.1-6) 
2022/12/02 16:18:10 [notice] 1#1: OS: Linux 5.10.104-linuxkit
2022/12/02 16:18:10 [notice] 1#1: getrlimit(RLIMIT_NOFILE): 1048576:1048576
2022/12/02 16:18:10 [notice] 1#1: start worker processes
2022/12/02 16:18:10 [notice] 1#1: start worker process 30
2022/12/02 16:18:10 [notice] 1#1: start worker process 31
2022/12/02 16:18:10 [notice] 1#1: start worker process 32
2022/12/02 16:18:10 [notice] 1#1: start worker process 33
2022/12/02 16:18:17 [error] 31#31: *3 connect() to unix:///backend/tmp/sockets/puma.sock failed (111: Connection refused) while connecting to upstream, client: 172.24.0.1, server: localhost, request: "GET /manage/ HTTP/1.1", upstream: "http://unix:///backend/tmp/sockets/puma.sock:/manage/", host: "localhost"
2022/12/02 16:19:12 [notice] 1#1: signal 3 (SIGQUIT) received, shutting down
2022/12/02 16:19:12 [notice] 30#30: gracefully shutting down
2022/12/02 16:19:12 [notice] 31#31: gracefully shutting down
2022/12/02 16:19:12 [notice] 31#31: exiting
2022/12/02 16:19:12 [notice] 32#32: gracefully shutting down
2022/12/02 16:19:12 [notice] 32#32: exiting
2022/12/02 16:19:12 [notice] 33#33: gracefully shutting down
2022/12/02 16:19:12 [notice] 30#30: exiting
2022/12/02 16:19:12 [notice] 31#31: exit
2022/12/02 16:19:12 [notice] 32#32: exit
2022/12/02 16:19:12 [notice] 33#33: exiting
2022/12/02 16:19:12 [notice] 30#30: exit
2022/12/02 16:19:12 [notice] 33#33: exit
2022/12/02 16:19:12 [notice] 1#1: signal 17 (SIGCHLD) received from 33
2022/12/02 16:19:12 [notice] 1#1: worker process 32 exited with code 0
2022/12/02 16:19:12 [notice] 1#1: worker process 33 exited with code 0
2022/12/02 16:19:12 [notice] 1#1: signal 29 (SIGIO) received
2022/12/02 16:19:12 [notice] 1#1: signal 17 (SIGCHLD) received from 32
2022/12/02 16:19:12 [notice] 1#1: signal 17 (SIGCHLD) received from 31
2022/12/02 16:19:12 [notice] 1#1: worker process 30 exited with code 0
2022/12/02 16:19:12 [notice] 1#1: worker process 31 exited with code 0
2022/12/02 16:19:12 [notice] 1#1: exit
2022/12/02 16:19:18 [notice] 1#1: using the "epoll" event method
2022/12/02 16:19:18 [notice] 1#1: nginx/1.21.6
2022/12/02 16:19:18 [notice] 1#1: built by gcc 10.2.1 20210110 (Debian 10.2.1-6) 
2022/12/02 16:19:18 [notice] 1#1: OS: Linux 5.10.104-linuxkit
2022/12/02 16:19:18 [notice] 1#1: getrlimit(RLIMIT_NOFILE): 1048576:1048576
2022/12/02 16:19:18 [notice] 1#1: start worker processes
2022/12/02 16:19:18 [notice] 1#1: start worker process 30
2022/12/02 16:19:18 [notice] 1#1: start worker process 31
2022/12/02 16:19:18 [notice] 1#1: start worker process 32
2022/12/02 16:19:18 [notice] 1#1: start worker process 33
2022/12/02 16:19:19 [error] 30#30: *1 connect() to unix:///backend/tmp/sockets/puma.sock failed (111: Connection refused) while connecting to upstream, client: 172.25.0.1, server: localhost, request: "GET /manage/ HTTP/1.1", upstream: "http://unix:///backend/tmp/sockets/puma.sock:/manage/", host: "localhost"
2022/12/02 16:19:20 [error] 30#30: *1 connect() to unix:///backend/tmp/sockets/puma.sock failed (111: Connection refused) while connecting to upstream, client: 172.25.0.1, server: localhost, request: "GET /manage/ HTTP/1.1", upstream: "http://unix:///backend/tmp/sockets/puma.sock:/manage/", host: "localhost"
2022/12/02 16:19:21 [error] 30#30: *1 connect() to unix:///backend/tmp/sockets/puma.sock failed (111: Connection refused) while connecting to upstream, client: 172.25.0.1, server: localhost, request: "GET /manage/ HTTP/1.1", upstream: "http://unix:///backend/tmp/sockets/puma.sock:/manage/", host: "localhost"
2022/12/02 16:19:21 [error] 30#30: *1 connect() to unix:///backend/tmp/sockets/puma.sock failed (111: Connection refused) while connecting to upstream, client: 172.25.0.1, server: localhost, request: "GET /manage/ HTTP/1.1", upstream: "http://unix:///backend/tmp/sockets/puma.sock:/manage/", host: "localhost"
2022/12/02 16:19:21 [error] 30#30: *1 connect() to unix:///backend/tmp/sockets/puma.sock failed (111: Connection refused) while connecting to upstream, client: 172.25.0.1, server: localhost, request: "GET /manage/ HTTP/1.1", upstream: "http://unix:///backend/tmp/sockets/puma.sock:/manage/", host: "localhost"
2022/12/02 16:19:21 [error] 30#30: *1 connect() to unix:///backend/tmp/sockets/puma.sock failed (111: Connection refused) while connecting to upstream, client: 172.25.0.1, server: localhost, request: "GET /manage/ HTTP/1.1", upstream: "http://unix:///backend/tmp/sockets/puma.sock:/manage/", host: "localhost"
2022/12/02 16:19:21 [error] 30#30: *1 connect() to unix:///backend/tmp/sockets/puma.sock failed (111: Connection refused) while connecting to upstream, client: 172.25.0.1, server: localhost, request: "GET /manage/ HTTP/1.1", upstream: "http://unix:///backend/tmp/sockets/puma.sock:/manage/", host: "localhost"
2022/12/02 16:19:21 [error] 30#30: *1 connect() to unix:///backend/tmp/sockets/puma.sock failed (111: Connection refused) while connecting to upstream, client: 172.25.0.1, server: localhost, request: "GET /manage/ HTTP/1.1", upstream: "http://unix:///backend/tmp/sockets/puma.sock:/manage/", host: "localhost"
2022/12/02 16:19:22 [error] 30#30: *1 connect() to unix:///backend/tmp/sockets/puma.sock failed (111: Connection refused) while connecting to upstream, client: 172.25.0.1, server: localhost, request: "GET /manage/ HTTP/1.1", upstream: "http://unix:///backend/tmp/sockets/puma.sock:/manage/", host: "localhost"
2022/12/02 16:19:22 [error] 30#30: *1 connect() to unix:///backend/tmp/sockets/puma.sock failed (111: Connection refused) while connecting to upstream, client: 172.25.0.1, server: localhost, request: "GET /manage/ HTTP/1.1", upstream: "http://unix:///backend/tmp/sockets/puma.sock:/manage/", host: "localhost"
2022/12/02 16:19:22 [error] 30#30: *1 connect() to unix:///backend/tmp/sockets/puma.sock failed (111: Connection refused) while connecting to upstream, client: 172.25.0.1, server: localhost, request: "GET /manage/ HTTP/1.1", upstream: "http://unix:///backend/tmp/sockets/puma.sock:/manage/", host: "localhost"
2022/12/02 16:19:22 [error] 30#30: *1 connect() to unix:///backend/tmp/sockets/puma.sock failed (111: Connection refused) while connecting to upstream, client: 172.25.0.1, server: localhost, request: "GET /manage/ HTTP/1.1", upstream: "http://unix:///backend/tmp/sockets/puma.sock:/manage/", host: "localhost"
2022/12/02 16:19:25 [error] 30#30: *1 connect() to unix:///backend/tmp/sockets/puma.sock failed (111: Connection refused) while connecting to upstream, client: 172.25.0.1, server: localhost, request: "GET /manage/ HTTP/1.1", upstream: "http://unix:///backend/tmp/sockets/puma.sock:/manage/", host: "localhost"
2022/12/02 16:21:29 [notice] 1#1: signal 3 (SIGQUIT) received, shutting down
2022/12/02 16:21:29 [notice] 30#30: gracefully shutting down
2022/12/02 16:21:29 [notice] 31#31: gracefully shutting down
2022/12/02 16:21:29 [notice] 32#32: gracefully shutting down
2022/12/02 16:21:29 [notice] 33#33: gracefully shutting down
2022/12/02 16:21:29 [notice] 30#30: exiting
2022/12/02 16:21:29 [notice] 31#31: exiting
2022/12/02 16:21:29 [notice] 32#32: exiting
2022/12/02 16:21:29 [notice] 33#33: exiting
2022/12/02 16:21:29 [notice] 30#30: exit
2022/12/02 16:21:29 [notice] 31#31: exit
2022/12/02 16:21:29 [notice] 32#32: exit
2022/12/02 16:21:29 [notice] 33#33: exit
2022/12/02 16:21:29 [notice] 1#1: signal 17 (SIGCHLD) received from 33
2022/12/02 16:21:29 [notice] 1#1: worker process 30 exited with code 0
2022/12/02 16:21:29 [notice] 1#1: worker process 33 exited with code 0
2022/12/02 16:21:29 [notice] 1#1: signal 29 (SIGIO) received
2022/12/02 16:21:29 [notice] 1#1: signal 17 (SIGCHLD) received from 30
2022/12/02 16:21:29 [notice] 1#1: worker process 32 exited with code 0
2022/12/02 16:21:29 [notice] 1#1: worker process 31 exited with code 0
2022/12/02 16:21:29 [notice] 1#1: exit
2022/12/02 16:21:36 [notice] 1#1: using the "epoll" event method
2022/12/02 16:21:36 [notice] 1#1: nginx/1.21.6
2022/12/02 16:21:36 [notice] 1#1: built by gcc 10.2.1 20210110 (Debian 10.2.1-6) 
2022/12/02 16:21:36 [notice] 1#1: OS: Linux 5.10.104-linuxkit
2022/12/02 16:21:36 [notice] 1#1: getrlimit(RLIMIT_NOFILE): 1048576:1048576
2022/12/02 16:21:36 [notice] 1#1: start worker processes
2022/12/02 16:21:36 [notice] 1#1: start worker process 37
2022/12/02 16:21:36 [notice] 1#1: start worker process 38
2022/12/02 16:21:36 [notice] 1#1: start worker process 39
2022/12/02 16:21:36 [notice] 1#1: start worker process 40
2022/12/02 16:30:36 [notice] 1#1: signal 3 (SIGQUIT) received, shutting down
2022/12/02 16:30:36 [notice] 37#37: gracefully shutting down
2022/12/02 16:30:36 [notice] 37#37: exiting
2022/12/02 16:30:36 [notice] 38#38: gracefully shutting down
2022/12/02 16:30:36 [notice] 38#38: exiting
2022/12/02 16:30:36 [notice] 39#39: gracefully shutting down
2022/12/02 16:30:36 [notice] 40#40: gracefully shutting down
2022/12/02 16:30:36 [notice] 37#37: exit
2022/12/02 16:30:36 [notice] 38#38: exit
2022/12/02 16:30:36 [notice] 39#39: exiting
2022/12/02 16:30:36 [notice] 40#40: exiting
2022/12/02 16:30:36 [notice] 39#39: exit
2022/12/02 16:30:36 [notice] 40#40: exit
2022/12/02 16:30:36 [notice] 1#1: signal 17 (SIGCHLD) received from 37
2022/12/02 16:30:36 [notice] 1#1: worker process 37 exited with code 0
2022/12/02 16:30:36 [notice] 1#1: signal 29 (SIGIO) received
2022/12/02 16:30:36 [notice] 1#1: signal 17 (SIGCHLD) received from 40
2022/12/02 16:30:36 [notice] 1#1: worker process 39 exited with code 0
2022/12/02 16:30:36 [notice] 1#1: worker process 40 exited with code 0
2022/12/02 16:30:36 [notice] 1#1: signal 29 (SIGIO) received
2022/12/02 16:30:36 [notice] 1#1: signal 17 (SIGCHLD) received from 39
2022/12/02 16:30:36 [notice] 1#1: worker process 38 exited with code 0
2022/12/02 16:30:36 [notice] 1#1: exit
2022/12/02 16:30:42 [notice] 1#1: using the "epoll" event method
2022/12/02 16:30:42 [notice] 1#1: nginx/1.21.6
2022/12/02 16:30:42 [notice] 1#1: built by gcc 10.2.1 20210110 (Debian 10.2.1-6) 
2022/12/02 16:30:42 [notice] 1#1: OS: Linux 5.10.104-linuxkit
2022/12/02 16:30:42 [notice] 1#1: getrlimit(RLIMIT_NOFILE): 1048576:1048576
2022/12/02 16:30:42 [notice] 1#1: start worker processes
2022/12/02 16:30:42 [notice] 1#1: start worker process 35
2022/12/02 16:30:42 [notice] 1#1: start worker process 36
2022/12/02 16:30:42 [notice] 1#1: start worker process 37
2022/12/02 16:30:42 [notice] 1#1: start worker process 38
2022/12/02 16:45:34 [notice] 1#1: signal 3 (SIGQUIT) received, shutting down
2022/12/02 16:45:34 [notice] 36#36: gracefully shutting down
2022/12/02 16:45:34 [notice] 35#35: gracefully shutting down
2022/12/02 16:45:34 [notice] 37#37: gracefully shutting down
2022/12/02 16:45:34 [notice] 38#38: gracefully shutting down
2022/12/02 16:45:34 [notice] 36#36: exiting
2022/12/02 16:45:34 [notice] 37#37: exiting
2022/12/02 16:45:34 [notice] 37#37: exit
2022/12/02 16:45:34 [notice] 38#38: exiting
2022/12/02 16:45:34 [notice] 38#38: exit
2022/12/02 16:45:34 [notice] 36#36: exit
2022/12/02 16:45:34 [notice] 1#1: signal 17 (SIGCHLD) received from 37
2022/12/02 16:45:34 [notice] 1#1: worker process 36 exited with code 0
2022/12/02 16:45:34 [notice] 1#1: worker process 37 exited with code 0
2022/12/02 16:45:34 [notice] 1#1: worker process 38 exited with code 0
2022/12/02 16:45:34 [notice] 1#1: signal 29 (SIGIO) received
2022/12/02 16:45:34 [notice] 1#1: signal 17 (SIGCHLD) received from 38
2022/12/04 13:25:04 [emerg] 1#1: host not found in upstream "frontend" in /etc/nginx/conf.d/default.conf:24
2022/12/04 13:33:12 [emerg] 1#1: host not found in upstream "frontend" in /etc/nginx/conf.d/default.conf:24
2022/12/04 13:33:32 [emerg] 1#1: host not found in upstream "frontend" in /etc/nginx/conf.d/default.conf:24
2022/12/04 13:33:35 [emerg] 1#1: host not found in upstream "frontend" in /etc/nginx/conf.d/default.conf:24
2022/12/04 13:33:39 [emerg] 1#1: host not found in upstream "frontend" in /etc/nginx/conf.d/default.conf:24
2022/12/04 13:33:44 [emerg] 1#1: host not found in upstream "frontend" in /etc/nginx/conf.d/default.conf:24
2022/12/04 13:35:35 [emerg] 1#1: host not found in upstream "frontend" in /etc/nginx/conf.d/default.conf:24
2022/12/04 13:36:21 [emerg] 1#1: host not found in upstream "frontend" in /etc/nginx/conf.d/default.conf:24
2022/12/04 13:41:18 [emerg] 1#1: host not found in upstream "frontend" in /etc/nginx/conf.d/default.conf:24
2022/12/04 13:44:00 [notice] 1#1: using the "epoll" event method
2022/12/04 13:44:00 [notice] 1#1: nginx/1.21.6
2022/12/04 13:44:00 [notice] 1#1: built by gcc 10.2.1 20210110 (Debian 10.2.1-6) 
2022/12/04 13:44:00 [notice] 1#1: OS: Linux 5.10.47-linuxkit
2022/12/04 13:44:00 [notice] 1#1: getrlimit(RLIMIT_NOFILE): 1048576:1048576
2022/12/04 13:44:00 [notice] 1#1: start worker processes
2022/12/04 13:44:00 [notice] 1#1: start worker process 30
2022/12/04 13:44:00 [notice] 1#1: start worker process 31
2022/12/04 13:44:00 [notice] 1#1: start worker process 32
2022/12/04 13:45:23 [error] 30#30: *2 connect() failed (111: Connection refused) while connecting to upstream, client: 172.21.0.1, server: localhost, request: "GET / HTTP/1.1", upstream: "http://172.21.0.4:3000/", host: "localhost"
2022/12/04 13:45:24 [error] 30#30: *2 connect() failed (111: Connection refused) while connecting to upstream, client: 172.21.0.1, server: localhost, request: "GET /favicon.ico HTTP/1.1", upstream: "http://172.21.0.4:3000/favicon.ico", host: "localhost", referrer: "http://localhost/"
2022/12/04 13:46:19 [error] 30#30: *2 connect() failed (111: Connection refused) while connecting to upstream, client: 172.21.0.1, server: localhost, request: "GET /favicon.ico HTTP/1.1", upstream: "http://172.21.0.4:3000/favicon.ico", host: "localhost", referrer: "http://localhost/manage/"
2022/12/04 13:51:44 [notice] 1#1: signal 3 (SIGQUIT) received, shutting down
2022/12/04 13:51:44 [notice] 30#30: gracefully shutting down
2022/12/04 13:51:44 [notice] 31#31: gracefully shutting down
2022/12/04 13:51:44 [notice] 32#32: gracefully shutting down
2022/12/04 13:51:44 [notice] 30#30: exiting
2022/12/04 13:51:44 [notice] 31#31: exiting
2022/12/04 13:51:44 [notice] 30#30: exit
2022/12/04 13:51:44 [notice] 32#32: exiting
2022/12/04 13:51:44 [notice] 31#31: exit
2022/12/04 13:51:44 [notice] 32#32: exit
2022/12/04 13:51:44 [notice] 1#1: signal 17 (SIGCHLD) received from 30
2022/12/04 13:51:44 [notice] 1#1: worker process 30 exited with code 0
2022/12/04 13:51:44 [notice] 1#1: worker process 31 exited with code 0
2022/12/04 13:51:44 [notice] 1#1: worker process 32 exited with code 0
2022/12/04 13:51:44 [notice] 1#1: exit
2022/12/04 13:52:12 [emerg] 1#1: host not found in upstream "frontend" in /etc/nginx/conf.d/default.conf:24
2022/12/04 13:52:53 [emerg] 1#1: host not found in upstream "frontend" in /etc/nginx/conf.d/default.conf:24
2022/12/04 14:05:28 [notice] 1#1: using the "epoll" event method
2022/12/04 14:05:28 [notice] 1#1: nginx/1.21.6
2022/12/04 14:05:28 [notice] 1#1: built by gcc 10.2.1 20210110 (Debian 10.2.1-6) 
2022/12/04 14:05:28 [notice] 1#1: OS: Linux 5.10.47-linuxkit
2022/12/04 14:05:28 [notice] 1#1: getrlimit(RLIMIT_NOFILE): 1048576:1048576
2022/12/04 14:05:28 [notice] 1#1: start worker processes
2022/12/04 14:05:28 [notice] 1#1: start worker process 30
2022/12/04 14:05:28 [notice] 1#1: start worker process 31
2022/12/04 14:05:28 [notice] 1#1: start worker process 32
2022/12/04 14:07:48 [notice] 1#1: signal 3 (SIGQUIT) received, shutting down
2022/12/04 14:07:48 [notice] 31#31: gracefully shutting down
2022/12/04 14:07:48 [notice] 32#32: gracefully shutting down
2022/12/04 14:07:48 [notice] 32#32: exiting
2022/12/04 14:07:48 [notice] 30#30: gracefully shutting down
2022/12/04 14:07:48 [notice] 30#30: exiting
2022/12/04 14:07:48 [notice] 31#31: exiting
2022/12/04 14:07:48 [notice] 32#32: exit
2022/12/04 14:07:48 [notice] 30#30: exit
2022/12/04 14:07:48 [notice] 31#31: exit
2022/12/04 14:07:48 [notice] 1#1: signal 17 (SIGCHLD) received from 32
2022/12/04 14:07:48 [notice] 1#1: worker process 32 exited with code 0
2022/12/04 14:07:48 [notice] 1#1: signal 29 (SIGIO) received
2022/12/04 14:07:48 [notice] 1#1: signal 17 (SIGCHLD) received from 30
2022/12/04 14:07:48 [notice] 1#1: worker process 30 exited with code 0
2022/12/04 14:07:48 [notice] 1#1: signal 29 (SIGIO) received
2022/12/04 14:07:48 [notice] 1#1: signal 17 (SIGCHLD) received from 31
2022/12/04 14:07:48 [notice] 1#1: worker process 31 exited with code 0
2022/12/04 14:07:48 [notice] 1#1: exit
2022/12/04 14:07:59 [notice] 1#1: using the "epoll" event method
2022/12/04 14:07:59 [notice] 1#1: nginx/1.21.6
2022/12/04 14:07:59 [notice] 1#1: built by gcc 10.2.1 20210110 (Debian 10.2.1-6) 
2022/12/04 14:07:59 [notice] 1#1: OS: Linux 5.10.47-linuxkit
2022/12/04 14:07:59 [notice] 1#1: getrlimit(RLIMIT_NOFILE): 1048576:1048576
2022/12/04 14:07:59 [notice] 1#1: start worker processes
2022/12/04 14:07:59 [notice] 1#1: start worker process 31
2022/12/04 14:07:59 [notice] 1#1: start worker process 32
2022/12/04 14:07:59 [notice] 1#1: start worker process 33
2022/12/04 14:19:43 [notice] 1#1: signal 3 (SIGQUIT) received, shutting down
2022/12/04 14:19:43 [notice] 31#31: gracefully shutting down
2022/12/04 14:19:43 [notice] 33#33: gracefully shutting down
2022/12/04 14:19:43 [notice] 32#32: gracefully shutting down
2022/12/04 14:19:43 [notice] 31#31: exiting
2022/12/04 14:19:43 [notice] 33#33: exiting
2022/12/04 14:19:43 [notice] 31#31: exit
2022/12/04 14:19:43 [notice] 33#33: exit
2022/12/04 14:19:43 [notice] 1#1: signal 17 (SIGCHLD) received from 31
2022/12/04 14:19:43 [notice] 1#1: worker process 31 exited with code 0
2022/12/04 14:19:43 [notice] 1#1: signal 29 (SIGIO) received
2022/12/04 14:19:43 [notice] 1#1: signal 17 (SIGCHLD) received from 33
2022/12/04 14:19:43 [notice] 1#1: worker process 33 exited with code 0
2022/12/04 14:19:43 [notice] 1#1: signal 29 (SIGIO) received
2022/12/04 14:39:14 [notice] 1#1: using the "epoll" event method
2022/12/04 14:39:14 [notice] 1#1: nginx/1.21.6
2022/12/04 14:39:14 [notice] 1#1: built by gcc 10.2.1 20210110 (Debian 10.2.1-6) 
2022/12/04 14:39:14 [notice] 1#1: OS: Linux 5.10.47-linuxkit
2022/12/04 14:39:14 [notice] 1#1: getrlimit(RLIMIT_NOFILE): 1048576:1048576
2022/12/04 14:39:14 [notice] 1#1: start worker processes
2022/12/04 14:39:14 [notice] 1#1: start worker process 30
2022/12/04 14:39:14 [notice] 1#1: start worker process 31
2022/12/04 14:39:14 [notice] 1#1: start worker process 32
2022/12/04 14:39:17 [error] 30#30: *2 connect() to unix:///backend/tmp/sockets/puma.sock failed (111: Connection refused) while connecting to upstream, client: 172.22.0.1, server: localhost, request: "GET /manage/ HTTP/1.1", upstream: "http://unix:///backend/tmp/sockets/puma.sock:/manage/", host: "localhost"
2022/12/04 14:47:03 [notice] 1#1: signal 3 (SIGQUIT) received, shutting down
2022/12/04 14:47:03 [notice] 31#31: gracefully shutting down
2022/12/04 14:47:03 [notice] 32#32: gracefully shutting down
2022/12/04 14:47:03 [notice] 30#30: gracefully shutting down
2022/12/04 14:47:03 [notice] 31#31: exiting
2022/12/04 14:47:03 [notice] 32#32: exiting
2022/12/04 14:47:03 [notice] 31#31: exit
2022/12/04 14:47:03 [notice] 32#32: exit
2022/12/04 14:47:03 [notice] 1#1: signal 17 (SIGCHLD) received from 31
2022/12/04 14:47:03 [notice] 1#1: worker process 31 exited with code 0
2022/12/04 14:47:03 [notice] 1#1: signal 29 (SIGIO) received
2022/12/04 14:47:03 [notice] 1#1: signal 17 (SIGCHLD) received from 32
2022/12/04 14:47:03 [notice] 1#1: worker process 32 exited with code 0
2022/12/04 14:47:03 [notice] 1#1: signal 29 (SIGIO) received
2022/12/04 14:47:37 [notice] 1#1: using the "epoll" event method
2022/12/04 14:47:37 [notice] 1#1: nginx/1.21.6
2022/12/04 14:47:37 [notice] 1#1: built by gcc 10.2.1 20210110 (Debian 10.2.1-6) 
2022/12/04 14:47:37 [notice] 1#1: OS: Linux 5.10.47-linuxkit
2022/12/04 14:47:37 [notice] 1#1: getrlimit(RLIMIT_NOFILE): 1048576:1048576
2022/12/04 14:47:37 [notice] 1#1: start worker processes
2022/12/04 14:47:37 [notice] 1#1: start worker process 32
2022/12/04 14:47:37 [notice] 1#1: start worker process 33
2022/12/04 14:47:37 [notice] 1#1: start worker process 34
2022/12/04 14:47:45 [error] 33#33: *4 connect() to unix:///backend/tmp/sockets/puma.sock failed (111: Connection refused) while connecting to upstream, client: 172.23.0.1, server: localhost, request: "GET /manage/ HTTP/1.1", upstream: "http://unix:///backend/tmp/sockets/puma.sock:/manage/", host: "localhost"
2022/12/04 14:47:47 [error] 34#34: *3 connect() to unix:///backend/tmp/sockets/puma.sock failed (111: Connection refused) while connecting to upstream, client: 172.23.0.1, server: localhost, request: "GET /manage/ HTTP/1.1", upstream: "http://unix:///backend/tmp/sockets/puma.sock:/manage/", host: "localhost"
